  [1m[35m (0.1ms)[0m  [1m[34mSELECT GET_LOCK('7879438643346964470', 0)[0m
  [1m[36mActiveRecord::SchemaMigration Pluck (7.0ms)[0m  [1m[34mSELECT `schema_migrations`.`version` FROM `schema_migrations` ORDER BY `schema_migrations`.`version` ASC[0m
Migrating to CreateUsers (20230925042903)
  [1m[35m (2.0ms)[0m  [1m[35mCREATE TABLE `users` (`id` bigint NOT NULL AUTO_INCREMENT PRIMARY KEY, `email` varchar(255), `name` varchar(255), `phone` varchar(255), `gender` varchar(255), `birthday` datetime(6), `role` varchar(255), `created_at` datetime(6) NOT NULL, `updated_at` datetime(6) NOT NULL)[0m
  [1m[35m (0.2ms)[0m  [1m[34mSELECT RELEASE_LOCK('7879438643346964470')[0m
  [1m[36mActiveRecord::SchemaMigration Pluck (0.2ms)[0m  [1m[34mSELECT `schema_migrations`.`version` FROM `schema_migrations` ORDER BY `schema_migrations`.`version` ASC[0m
  [1m[36mActiveRecord::InternalMetadata Pluck (3.2ms)[0m  [1m[34mSELECT `ar_internal_metadata`.`value` FROM `ar_internal_metadata` WHERE `ar_internal_metadata`.`key` = 'environment' LIMIT 1[0m
  [1m[36mActiveRecord::SchemaMigration Pluck (0.2ms)[0m  [1m[34mSELECT `schema_migrations`.`version` FROM `schema_migrations` ORDER BY `schema_migrations`.`version` ASC[0m
  [1m[36mActiveRecord::InternalMetadata Pluck (0.2ms)[0m  [1m[34mSELECT `ar_internal_metadata`.`value` FROM `ar_internal_metadata` WHERE `ar_internal_metadata`.`key` = 'environment' LIMIT 1[0m
  [1m[36mActiveRecord::SchemaMigration Pluck (0.2ms)[0m  [1m[34mSELECT `schema_migrations`.`version` FROM `schema_migrations` ORDER BY `schema_migrations`.`version` ASC[0m
  [1m[36mActiveRecord::InternalMetadata Pluck (0.2ms)[0m  [1m[34mSELECT `ar_internal_metadata`.`value` FROM `ar_internal_metadata` WHERE `ar_internal_metadata`.`key` = 'environment' LIMIT 1[0m
  [1m[35m (2496.7ms)[0m  [1m[35mDROP DATABASE IF EXISTS `rails_tutorial_development`[0m
  [1m[35m (261.2ms)[0m  [1m[35mDROP DATABASE IF EXISTS `rails_tutorial_test`[0m
  [1m[35m (171.6ms)[0m  [1m[35mCREATE DATABASE `rails_tutorial_development` DEFAULT CHARACTER SET `utf8mb4`[0m
  [1m[35m (196.8ms)[0m  [1m[35mCREATE DATABASE `rails_tutorial_test` DEFAULT CHARACTER SET `utf8mb4`[0m
  [1m[35m (718.1ms)[0m  [1m[35mCREATE TABLE `schema_migrations` (`version` varchar(255) NOT NULL PRIMARY KEY)[0m
  [1m[35m (771.6ms)[0m  [1m[35mCREATE TABLE `ar_internal_metadata` (`key` varchar(255) NOT NULL PRIMARY KEY, `value` varchar(255), `created_at` datetime(6) NOT NULL, `updated_at` datetime(6) NOT NULL)[0m
  [1m[35m (0.5ms)[0m  [1m[34mSELECT GET_LOCK('7879438643346964470', 0)[0m
  [1m[36mActiveRecord::SchemaMigration Pluck (2.4ms)[0m  [1m[34mSELECT `schema_migrations`.`version` FROM `schema_migrations` ORDER BY `schema_migrations`.`version` ASC[0m
Migrating to CreateUsers (20230925042903)
  [1m[35m (792.7ms)[0m  [1m[35mCREATE TABLE `users` (`id` bigint NOT NULL AUTO_INCREMENT PRIMARY KEY, `email` varchar(255), `name` varchar(255), `phone` varchar(255), `gender` varchar(255), `birthday` datetime(6), `role` varchar(255), `created_at` datetime(6) NOT NULL, `updated_at` datetime(6) NOT NULL)[0m
  [1m[36mTRANSACTION (0.6ms)[0m  [1m[35mBEGIN[0m
  [1m[36mActiveRecord::SchemaMigration Create (0.9ms)[0m  [1m[32mINSERT INTO `schema_migrations` (`version`) VALUES ('20230925042903')[0m
  [1m[36mTRANSACTION (98.5ms)[0m  [1m[35mCOMMIT[0m
Migrating to AddPasswordDigestToUsers (20230925045856)
  [1m[35m (536.8ms)[0m  [1m[35mALTER TABLE `users` ADD `password_digest` varchar(255)[0m
  [1m[36mTRANSACTION (0.6ms)[0m  [1m[35mBEGIN[0m
  [1m[36mActiveRecord::SchemaMigration Create (0.8ms)[0m  [1m[32mINSERT INTO `schema_migrations` (`version`) VALUES ('20230925045856')[0m
  [1m[36mTRANSACTION (118.2ms)[0m  [1m[35mCOMMIT[0m
  [1m[36mActiveRecord::InternalMetadata Load (2.9ms)[0m  [1m[34mSELECT `ar_internal_metadata`.* FROM `ar_internal_metadata` WHERE `ar_internal_metadata`.`key` = 'environment' LIMIT 1[0m
  [1m[36mTRANSACTION (0.4ms)[0m  [1m[35mBEGIN[0m
  [1m[36mActiveRecord::InternalMetadata Create (0.7ms)[0m  [1m[32mINSERT INTO `ar_internal_metadata` (`key`, `value`, `created_at`, `updated_at`) VALUES ('environment', 'development', '2023-09-25 05:00:51.580029', '2023-09-25 05:00:51.580029')[0m
  [1m[36mTRANSACTION (99.8ms)[0m  [1m[35mCOMMIT[0m
  [1m[35m (0.7ms)[0m  [1m[34mSELECT RELEASE_LOCK('7879438643346964470')[0m
  [1m[36mActiveRecord::SchemaMigration Pluck (0.8ms)[0m  [1m[34mSELECT `schema_migrations`.`version` FROM `schema_migrations` ORDER BY `schema_migrations`.`version` ASC[0m
  [1m[36mTRANSACTION (0.2ms)[0m  [1m[35mBEGIN[0m
  [1m[36mUser Exists? (0.3ms)[0m  [1m[34mSELECT 1 AS one FROM `users` WHERE `users`.`email` = 'mhartl@example.com' LIMIT 1[0m
  [1m[36mUser Create (0.3ms)[0m  [1m[32mINSERT INTO `users` (`email`, `name`, `phone`, `gender`, `birthday`, `role`, `created_at`, `updated_at`, `password_digest`) VALUES ('mhartl@example.com', 'Michael Hartl', NULL, NULL, NULL, NULL, '2023-09-25 05:01:22.212425', '2023-09-25 05:01:22.212425', '$2a$12$Ac0FonS1YFCacJkjajTQ3edP7FGiPRf7Qw12E/5M6t05nre8NpeIa')[0m
  [1m[36mTRANSACTION (101.2ms)[0m  [1m[35mCOMMIT[0m
  [1m[36mUser Load (1.0ms)[0m  [1m[34mSELECT `users`.* FROM `users`[0m
  [1m[35m (0.1ms)[0m  [1m[34mSELECT GET_LOCK('7879438643346964470', 0)[0m
  [1m[36mActiveRecord::SchemaMigration Pluck (0.2ms)[0m  [1m[34mSELECT `schema_migrations`.`version` FROM `schema_migrations` ORDER BY `schema_migrations`.`version` ASC[0m
Migrating to CreateOrders (20230925051004)
  [1m[35m (1497.4ms)[0m  [1m[35mCREATE TABLE `orders` (`id` bigint NOT NULL AUTO_INCREMENT PRIMARY KEY, `total_price` int, `order_status` int, `user_id` bigint NOT NULL, `created_at` datetime(6) NOT NULL, `updated_at` datetime(6) NOT NULL, INDEX `index_orders_on_user_id` (`user_id`), CONSTRAINT `fk_rails_f868b47f6a`
FOREIGN KEY (`user_id`)
  REFERENCES `users` (`id`)
)[0m
  [1m[35m (1017.8ms)[0m  [1m[35mCREATE INDEX `index_orders_on_user_id_and_created_at` ON `orders` (`user_id`, `created_at`)[0m
  [1m[36mTRANSACTION (0.5ms)[0m  [1m[35mBEGIN[0m
  [1m[36mActiveRecord::SchemaMigration Create (0.8ms)[0m  [1m[32mINSERT INTO `schema_migrations` (`version`) VALUES ('20230925051004')[0m
  [1m[36mTRANSACTION (99.5ms)[0m  [1m[35mCOMMIT[0m
  [1m[36mActiveRecord::InternalMetadata Load (1.2ms)[0m  [1m[34mSELECT `ar_internal_metadata`.* FROM `ar_internal_metadata` WHERE `ar_internal_metadata`.`key` = 'environment' LIMIT 1[0m
  [1m[35m (0.8ms)[0m  [1m[34mSELECT RELEASE_LOCK('7879438643346964470')[0m
  [1m[36mActiveRecord::SchemaMigration Pluck (0.4ms)[0m  [1m[34mSELECT `schema_migrations`.`version` FROM `schema_migrations` ORDER BY `schema_migrations`.`version` ASC[0m
  [1m[35m (0.2ms)[0m  [1m[34mSELECT GET_LOCK('7879438643346964470', 0)[0m
  [1m[36mActiveRecord::SchemaMigration Pluck (0.9ms)[0m  [1m[34mSELECT `schema_migrations`.`version` FROM `schema_migrations` ORDER BY `schema_migrations`.`version` ASC[0m
Migrating to CreateCategories (20230925055039)
  [1m[35m (806.5ms)[0m  [1m[35mCREATE TABLE `categories` (`id` bigint NOT NULL AUTO_INCREMENT PRIMARY KEY, `name` varchar(255), `description` varchar(255), `created_at` datetime(6) NOT NULL, `updated_at` datetime(6) NOT NULL)[0m
  [1m[36mTRANSACTION (0.5ms)[0m  [1m[35mBEGIN[0m
  [1m[36mActiveRecord::SchemaMigration Create (0.7ms)[0m  [1m[32mINSERT INTO `schema_migrations` (`version`) VALUES ('20230925055039')[0m
  [1m[36mTRANSACTION (110.1ms)[0m  [1m[35mCOMMIT[0m
  [1m[36mActiveRecord::InternalMetadata Load (0.8ms)[0m  [1m[34mSELECT `ar_internal_metadata`.* FROM `ar_internal_metadata` WHERE `ar_internal_metadata`.`key` = 'environment' LIMIT 1[0m
  [1m[35m (0.6ms)[0m  [1m[34mSELECT RELEASE_LOCK('7879438643346964470')[0m
  [1m[36mActiveRecord::SchemaMigration Pluck (0.7ms)[0m  [1m[34mSELECT `schema_migrations`.`version` FROM `schema_migrations` ORDER BY `schema_migrations`.`version` ASC[0m
  [1m[36mTRANSACTION (0.2ms)[0m  [1m[35mBEGIN[0m
  [1m[36mCategory Create (0.3ms)[0m  [1m[32mINSERT INTO `categories` (`name`, `description`, `created_at`, `updated_at`) VALUES ('Fashion', NULL, '2023-09-25 05:52:27.925412', '2023-09-25 05:52:27.925412')[0m
  [1m[36mTRANSACTION (1247.7ms)[0m  [1m[35mCOMMIT[0m
  [1m[36mTRANSACTION (0.6ms)[0m  [1m[35mBEGIN[0m
  [1m[36mCategory Create (0.9ms)[0m  [1m[32mINSERT INTO `categories` (`name`, `description`, `created_at`, `updated_at`) VALUES ('Electronics', 'Items that run on electricity', '2023-09-25 05:53:23.470919', '2023-09-25 05:53:23.470919')[0m
  [1m[36mTRANSACTION (151.7ms)[0m  [1m[35mCOMMIT[0m
  [1m[36mCategory Load (0.6ms)[0m  [1m[34mSELECT `categories`.* FROM `categories` ORDER BY `categories`.`id` ASC LIMIT 1[0m
  [1m[36mActiveRecord::SchemaMigration Pluck (0.2ms)[0m  [1m[34mSELECT `schema_migrations`.`version` FROM `schema_migrations` ORDER BY `schema_migrations`.`version` ASC[0m
  [1m[36mActiveRecord::InternalMetadata Pluck (0.2ms)[0m  [1m[34mSELECT `ar_internal_metadata`.`value` FROM `ar_internal_metadata` WHERE `ar_internal_metadata`.`key` = 'environment' LIMIT 1[0m
  [1m[36mActiveRecord::SchemaMigration Pluck (0.2ms)[0m  [1m[34mSELECT `schema_migrations`.`version` FROM `schema_migrations` ORDER BY `schema_migrations`.`version` ASC[0m
  [1m[36mActiveRecord::InternalMetadata Pluck (0.2ms)[0m  [1m[34mSELECT `ar_internal_metadata`.`value` FROM `ar_internal_metadata` WHERE `ar_internal_metadata`.`key` = 'environment' LIMIT 1[0m
  [1m[36mActiveRecord::SchemaMigration Pluck (0.2ms)[0m  [1m[34mSELECT `schema_migrations`.`version` FROM `schema_migrations` ORDER BY `schema_migrations`.`version` ASC[0m
  [1m[36mActiveRecord::InternalMetadata Pluck (0.2ms)[0m  [1m[34mSELECT `ar_internal_metadata`.`value` FROM `ar_internal_metadata` WHERE `ar_internal_metadata`.`key` = 'environment' LIMIT 1[0m
  [1m[35m (912.3ms)[0m  [1m[35mDROP DATABASE IF EXISTS `rails_tutorial_development`[0m
  [1m[35m (71.5ms)[0m  [1m[35mDROP DATABASE IF EXISTS `rails_tutorial_test`[0m
  [1m[35m (96.6ms)[0m  [1m[35mCREATE DATABASE `rails_tutorial_development` DEFAULT CHARACTER SET `utf8mb4`[0m
  [1m[35m (81.8ms)[0m  [1m[35mCREATE DATABASE `rails_tutorial_test` DEFAULT CHARACTER SET `utf8mb4`[0m
  [1m[35m (388.0ms)[0m  [1m[35mCREATE TABLE `schema_migrations` (`version` varchar(255) NOT NULL PRIMARY KEY)[0m
  [1m[35m (404.7ms)[0m  [1m[35mCREATE TABLE `ar_internal_metadata` (`key` varchar(255) NOT NULL PRIMARY KEY, `value` varchar(255), `created_at` datetime(6) NOT NULL, `updated_at` datetime(6) NOT NULL)[0m
  [1m[35m (0.2ms)[0m  [1m[34mSELECT GET_LOCK('7879438643346964470', 0)[0m
  [1m[36mActiveRecord::SchemaMigration Pluck (1.1ms)[0m  [1m[34mSELECT `schema_migrations`.`version` FROM `schema_migrations` ORDER BY `schema_migrations`.`version` ASC[0m
Migrating to CreateUsers (20230925042903)
  [1m[35m (449.8ms)[0m  [1m[35mCREATE TABLE `users` (`id` bigint NOT NULL AUTO_INCREMENT PRIMARY KEY, `email` varchar(255), `name` varchar(255), `phone` varchar(255), `gender` varchar(255), `birthday` datetime(6), `role` varchar(255), `created_at` datetime(6) NOT NULL, `updated_at` datetime(6) NOT NULL)[0m
  [1m[36mTRANSACTION (0.6ms)[0m  [1m[35mBEGIN[0m
  [1m[36mActiveRecord::SchemaMigration Create (0.8ms)[0m  [1m[32mINSERT INTO `schema_migrations` (`version`) VALUES ('20230925042903')[0m
  [1m[36mTRANSACTION (98.5ms)[0m  [1m[35mCOMMIT[0m
Migrating to AddPasswordDigestToUsers (20230925045856)
  [1m[35m (317.8ms)[0m  [1m[35mALTER TABLE `users` ADD `password_digest` varchar(255)[0m
  [1m[36mTRANSACTION (0.5ms)[0m  [1m[35mBEGIN[0m
  [1m[36mActiveRecord::SchemaMigration Create (0.8ms)[0m  [1m[32mINSERT INTO `schema_migrations` (`version`) VALUES ('20230925045856')[0m
  [1m[36mTRANSACTION (64.7ms)[0m  [1m[35mCOMMIT[0m
Migrating to CreateOrders (20230925051004)
  [1m[35m (504.0ms)[0m  [1m[35mCREATE TABLE `orders` (`id` bigint NOT NULL AUTO_INCREMENT PRIMARY KEY, `total_price` int, `order_status` int, `user_id` bigint NOT NULL, `created_at` datetime(6) NOT NULL, `updated_at` datetime(6) NOT NULL, INDEX `index_orders_on_user_id` (`user_id`), CONSTRAINT `fk_rails_f868b47f6a`
FOREIGN KEY (`user_id`)
  REFERENCES `users` (`id`)
)[0m
  [1m[35m (334.5ms)[0m  [1m[35mCREATE INDEX `index_orders_on_user_id_and_created_at` ON `orders` (`user_id`, `created_at`)[0m
  [1m[36mTRANSACTION (0.5ms)[0m  [1m[35mBEGIN[0m
  [1m[36mActiveRecord::SchemaMigration Create (0.7ms)[0m  [1m[32mINSERT INTO `schema_migrations` (`version`) VALUES ('20230925051004')[0m
  [1m[36mTRANSACTION (74.3ms)[0m  [1m[35mCOMMIT[0m
Migrating to CreateCategories (20230925055039)
  [1m[35m (458.0ms)[0m  [1m[35mCREATE TABLE `categories` (`id` bigint NOT NULL AUTO_INCREMENT PRIMARY KEY, `name` varchar(255), `description` varchar(255), `created_at` datetime(6) NOT NULL, `updated_at` datetime(6) NOT NULL)[0m
  [1m[36mTRANSACTION (0.5ms)[0m  [1m[35mBEGIN[0m
  [1m[36mActiveRecord::SchemaMigration Create (0.8ms)[0m  [1m[32mINSERT INTO `schema_migrations` (`version`) VALUES ('20230925055039')[0m
  [1m[36mTRANSACTION (66.1ms)[0m  [1m[35mCOMMIT[0m
Migrating to CreateProducts (20230925060507)
  [1m[35m (421.8ms)[0m  [1m[35mCREATE TABLE `products` (`id` bigint NOT NULL AUTO_INCREMENT PRIMARY KEY, `name` varchar(255), `price` int, `description` varchar(255), `number` int, `category_id` bigint NOT NULL, `created_at` datetime(6) NOT NULL, `updated_at` datetime(6) NOT NULL, INDEX `index_products_on_category_id` (`category_id`), CONSTRAINT `fk_rails_fb915499a4`
FOREIGN KEY (`category_id`)
  REFERENCES `categories` (`id`)
)[0m
  [1m[36mTRANSACTION (0.5ms)[0m  [1m[35mBEGIN[0m
  [1m[36mActiveRecord::SchemaMigration Create (0.8ms)[0m  [1m[32mINSERT INTO `schema_migrations` (`version`) VALUES ('20230925060507')[0m
  [1m[36mTRANSACTION (72.9ms)[0m  [1m[35mCOMMIT[0m
Migrating to CreateProductImages (20230925065038)
  [1m[35m (430.9ms)[0m  [1m[35mCREATE TABLE `product_images` (`id` bigint NOT NULL AUTO_INCREMENT PRIMARY KEY, `image` varchar(255), `product_id` bigint NOT NULL, `created_at` datetime(6) NOT NULL, `updated_at` datetime(6) NOT NULL, INDEX `index_product_images_on_product_id` (`product_id`), CONSTRAINT `fk_rails_1c991d3be6`
FOREIGN KEY (`product_id`)
  REFERENCES `products` (`id`)
)[0m
  [1m[36mTRANSACTION (0.4ms)[0m  [1m[35mBEGIN[0m
  [1m[36mActiveRecord::SchemaMigration Create (0.5ms)[0m  [1m[32mINSERT INTO `schema_migrations` (`version`) VALUES ('20230925065038')[0m
  [1m[36mTRANSACTION (77.0ms)[0m  [1m[35mCOMMIT[0m
Migrating to CreateOrderProducts (20230925065452)
  [1m[35m (499.9ms)[0m  [1m[35mCREATE TABLE `order_products` (`id` bigint NOT NULL AUTO_INCREMENT PRIMARY KEY, `number` int, `price` int, `order_id` bigint NOT NULL, `product_id` bigint NOT NULL, `created_at` datetime(6) NOT NULL, `updated_at` datetime(6) NOT NULL, INDEX `index_order_products_on_order_id` (`order_id`), INDEX `index_order_products_on_product_id` (`product_id`), CONSTRAINT `fk_rails_f40b8ccee4`
FOREIGN KEY (`order_id`)
  REFERENCES `orders` (`id`)
, CONSTRAINT `fk_rails_96c0709f78`
FOREIGN KEY (`product_id`)
  REFERENCES `products` (`id`)
)[0m
  [1m[36mTRANSACTION (0.6ms)[0m  [1m[35mBEGIN[0m
  [1m[36mActiveRecord::SchemaMigration Create (0.8ms)[0m  [1m[32mINSERT INTO `schema_migrations` (`version`) VALUES ('20230925065452')[0m
  [1m[36mTRANSACTION (76.4ms)[0m  [1m[35mCOMMIT[0m
Migrating to CreateRatings (20230925065729)
  [1m[35m (558.5ms)[0m  [1m[35mCREATE TABLE `ratings` (`id` bigint NOT NULL AUTO_INCREMENT PRIMARY KEY, `stars` int, `comment` varchar(255), `user_id` bigint NOT NULL, `product_id` bigint NOT NULL, `created_at` datetime(6) NOT NULL, `updated_at` datetime(6) NOT NULL, INDEX `index_ratings_on_user_id` (`user_id`), INDEX `index_ratings_on_product_id` (`product_id`), CONSTRAINT `fk_rails_a7dfeb9f5f`
FOREIGN KEY (`user_id`)
  REFERENCES `users` (`id`)
, CONSTRAINT `fk_rails_f846e598a7`
FOREIGN KEY (`product_id`)
  REFERENCES `products` (`id`)
)[0m
  [1m[36mTRANSACTION (0.7ms)[0m  [1m[35mBEGIN[0m
  [1m[36mActiveRecord::SchemaMigration Create (0.9ms)[0m  [1m[32mINSERT INTO `schema_migrations` (`version`) VALUES ('20230925065729')[0m
  [1m[36mTRANSACTION (127.5ms)[0m  [1m[35mCOMMIT[0m
Migrating to CreateSuggestions (20230925065803)
  [1m[35m (519.8ms)[0m  [1m[35mCREATE TABLE `suggestions` (`id` bigint NOT NULL AUTO_INCREMENT PRIMARY KEY, `content` varchar(255), `user_id` bigint NOT NULL, `created_at` datetime(6) NOT NULL, `updated_at` datetime(6) NOT NULL, INDEX `index_suggestions_on_user_id` (`user_id`), CONSTRAINT `fk_rails_e40b042562`
FOREIGN KEY (`user_id`)
  REFERENCES `users` (`id`)
)[0m
  [1m[36mTRANSACTION (0.5ms)[0m  [1m[35mBEGIN[0m
  [1m[36mActiveRecord::SchemaMigration Create (0.8ms)[0m  [1m[32mINSERT INTO `schema_migrations` (`version`) VALUES ('20230925065803')[0m
  [1m[36mTRANSACTION (84.0ms)[0m  [1m[35mCOMMIT[0m
  [1m[36mActiveRecord::InternalMetadata Load (2.8ms)[0m  [1m[34mSELECT `ar_internal_metadata`.* FROM `ar_internal_metadata` WHERE `ar_internal_metadata`.`key` = 'environment' LIMIT 1[0m
  [1m[36mTRANSACTION (0.5ms)[0m  [1m[35mBEGIN[0m
  [1m[36mActiveRecord::InternalMetadata Create (0.8ms)[0m  [1m[32mINSERT INTO `ar_internal_metadata` (`key`, `value`, `created_at`, `updated_at`) VALUES ('environment', 'development', '2023-09-25 07:03:02.738246', '2023-09-25 07:03:02.738246')[0m
  [1m[36mTRANSACTION (58.3ms)[0m  [1m[35mCOMMIT[0m
  [1m[35m (0.6ms)[0m  [1m[34mSELECT RELEASE_LOCK('7879438643346964470')[0m
  [1m[36mActiveRecord::SchemaMigration Pluck (0.9ms)[0m  [1m[34mSELECT `schema_migrations`.`version` FROM `schema_migrations` ORDER BY `schema_migrations`.`version` ASC[0m
  [1m[36mActiveRecord::SchemaMigration Pluck (0.2ms)[0m  [1m[34mSELECT `schema_migrations`.`version` FROM `schema_migrations` ORDER BY `schema_migrations`.`version` ASC[0m
  [1m[36mActiveRecord::InternalMetadata Pluck (0.2ms)[0m  [1m[34mSELECT `ar_internal_metadata`.`value` FROM `ar_internal_metadata` WHERE `ar_internal_metadata`.`key` = 'environment' LIMIT 1[0m
  [1m[36mActiveRecord::SchemaMigration Pluck (0.2ms)[0m  [1m[34mSELECT `schema_migrations`.`version` FROM `schema_migrations` ORDER BY `schema_migrations`.`version` ASC[0m
  [1m[36mActiveRecord::InternalMetadata Pluck (0.1ms)[0m  [1m[34mSELECT `ar_internal_metadata`.`value` FROM `ar_internal_metadata` WHERE `ar_internal_metadata`.`key` = 'environment' LIMIT 1[0m
  [1m[36mActiveRecord::SchemaMigration Pluck (0.2ms)[0m  [1m[34mSELECT `schema_migrations`.`version` FROM `schema_migrations` ORDER BY `schema_migrations`.`version` ASC[0m
  [1m[36mActiveRecord::InternalMetadata Pluck (0.2ms)[0m  [1m[34mSELECT `ar_internal_metadata`.`value` FROM `ar_internal_metadata` WHERE `ar_internal_metadata`.`key` = 'environment' LIMIT 1[0m
  [1m[35m (1990.8ms)[0m  [1m[35mDROP DATABASE IF EXISTS `rails_tutorial_development`[0m
  [1m[35m (183.0ms)[0m  [1m[35mDROP DATABASE IF EXISTS `rails_tutorial_test`[0m
  [1m[35m (153.6ms)[0m  [1m[35mCREATE DATABASE `rails_tutorial_development` DEFAULT CHARACTER SET `utf8mb4`[0m
  [1m[35m (125.6ms)[0m  [1m[35mCREATE DATABASE `rails_tutorial_test` DEFAULT CHARACTER SET `utf8mb4`[0m
  [1m[35m (616.9ms)[0m  [1m[35mCREATE TABLE `schema_migrations` (`version` varchar(255) NOT NULL PRIMARY KEY)[0m
  [1m[35m (439.0ms)[0m  [1m[35mCREATE TABLE `ar_internal_metadata` (`key` varchar(255) NOT NULL PRIMARY KEY, `value` varchar(255), `created_at` datetime(6) NOT NULL, `updated_at` datetime(6) NOT NULL)[0m
  [1m[35m (0.5ms)[0m  [1m[34mSELECT GET_LOCK('7879438643346964470', 0)[0m
  [1m[36mActiveRecord::SchemaMigration Pluck (2.3ms)[0m  [1m[34mSELECT `schema_migrations`.`version` FROM `schema_migrations` ORDER BY `schema_migrations`.`version` ASC[0m
Migrating to CreateUsers (20230925042903)
  [1m[35m (397.9ms)[0m  [1m[35mCREATE TABLE `users` (`id` bigint NOT NULL AUTO_INCREMENT PRIMARY KEY, `email` varchar(255), `name` varchar(255), `phone` varchar(255), `gender` varchar(255), `birthday` datetime(6), `role` varchar(255), `created_at` datetime(6) NOT NULL, `updated_at` datetime(6) NOT NULL)[0m
  [1m[35m (0.6ms)[0m  [1m[34mSELECT RELEASE_LOCK('7879438643346964470')[0m
  [1m[36mActiveRecord::SchemaMigration Pluck (0.2ms)[0m  [1m[34mSELECT `schema_migrations`.`version` FROM `schema_migrations` ORDER BY `schema_migrations`.`version` ASC[0m
  [1m[36mActiveRecord::SchemaMigration Pluck (0.1ms)[0m  [1m[34mSELECT `schema_migrations`.`version` FROM `schema_migrations` ORDER BY `schema_migrations`.`version` ASC[0m
  [1m[35m (2112.1ms)[0m  [1m[35mDROP DATABASE IF EXISTS `rails_tutorial_development`[0m
  [1m[35m (89.9ms)[0m  [1m[35mDROP DATABASE IF EXISTS `rails_tutorial_test`[0m
  [1m[35m (95.3ms)[0m  [1m[35mCREATE DATABASE `rails_tutorial_development` DEFAULT CHARACTER SET `utf8mb4`[0m
  [1m[35m (100.6ms)[0m  [1m[35mCREATE DATABASE `rails_tutorial_test` DEFAULT CHARACTER SET `utf8mb4`[0m
  [1m[35m (547.6ms)[0m  [1m[35mCREATE TABLE `schema_migrations` (`version` varchar(255) NOT NULL PRIMARY KEY)[0m
  [1m[35m (365.6ms)[0m  [1m[35mCREATE TABLE `ar_internal_metadata` (`key` varchar(255) NOT NULL PRIMARY KEY, `value` varchar(255), `created_at` datetime(6) NOT NULL, `updated_at` datetime(6) NOT NULL)[0m
  [1m[35m (0.5ms)[0m  [1m[34mSELECT GET_LOCK('7879438643346964470', 0)[0m
  [1m[36mActiveRecord::SchemaMigration Pluck (2.3ms)[0m  [1m[34mSELECT `schema_migrations`.`version` FROM `schema_migrations` ORDER BY `schema_migrations`.`version` ASC[0m
Migrating to CreateUsers (20230925042903)
  [1m[35m (436.9ms)[0m  [1m[35mCREATE TABLE `users` (`id` bigint NOT NULL AUTO_INCREMENT PRIMARY KEY, `email` varchar(255), `name` varchar(255), `phone` varchar(255), `gender` varchar(255), `birthday` datetime(6), `role` varchar(255), `created_at` datetime(6) NOT NULL, `updated_at` datetime(6) NOT NULL)[0m
  [1m[35m (0.7ms)[0m  [1m[34mSELECT RELEASE_LOCK('7879438643346964470')[0m
  [1m[35m (0.1ms)[0m  [1m[34mSELECT GET_LOCK('7879438643346964470', 0)[0m
  [1m[36mActiveRecord::SchemaMigration Pluck (0.2ms)[0m  [1m[34mSELECT `schema_migrations`.`version` FROM `schema_migrations` ORDER BY `schema_migrations`.`version` ASC[0m
Migrating to CreateUsers (20230925042903)
  [1m[35m (1.1ms)[0m  [1m[35mCREATE TABLE `users` (`id` bigint NOT NULL AUTO_INCREMENT PRIMARY KEY, `email` varchar(255), `name` varchar(255), `phone` varchar(255), `gender` varchar(255), `birthday` datetime(6), `role` varchar(255), `created_at` datetime(6) NOT NULL, `updated_at` datetime(6) NOT NULL)[0m
  [1m[35m (0.2ms)[0m  [1m[34mSELECT RELEASE_LOCK('7879438643346964470')[0m
  [1m[35m (0.1ms)[0m  [1m[34mSELECT GET_LOCK('7879438643346964470', 0)[0m
  [1m[36mActiveRecord::SchemaMigration Pluck (0.2ms)[0m  [1m[34mSELECT `schema_migrations`.`version` FROM `schema_migrations` ORDER BY `schema_migrations`.`version` ASC[0m
Migrating to CreateUsers (20230925042903)
  [1m[35m (0.4ms)[0m  [1m[35mCREATE TABLE `users` (`id` bigint NOT NULL AUTO_INCREMENT PRIMARY KEY, `email` varchar(255), `name` varchar(255), `phone` varchar(255), `gender` varchar(255), `birthday` datetime(6), `role` varchar(255), `created_at` datetime(6) NOT NULL, `updated_at` datetime(6) NOT NULL)[0m
  [1m[35m (0.2ms)[0m  [1m[34mSELECT RELEASE_LOCK('7879438643346964470')[0m
  [1m[36mActiveRecord::SchemaMigration Pluck (0.2ms)[0m  [1m[34mSELECT `schema_migrations`.`version` FROM `schema_migrations` ORDER BY `schema_migrations`.`version` ASC[0m
  [1m[36mActiveRecord::SchemaMigration Pluck (0.2ms)[0m  [1m[34mSELECT `schema_migrations`.`version` FROM `schema_migrations` ORDER BY `schema_migrations`.`version` ASC[0m
  [1m[35m (1952.2ms)[0m  [1m[35mDROP DATABASE IF EXISTS `rails_tutorial_development`[0m
  [1m[35m (76.7ms)[0m  [1m[35mDROP DATABASE IF EXISTS `rails_tutorial_test`[0m
  [1m[35m (116.6ms)[0m  [1m[35mCREATE DATABASE `rails_tutorial_development` DEFAULT CHARACTER SET `utf8mb4`[0m
  [1m[35m (75.5ms)[0m  [1m[35mCREATE DATABASE `rails_tutorial_test` DEFAULT CHARACTER SET `utf8mb4`[0m
  [1m[35m (452.9ms)[0m  [1m[35mCREATE TABLE `schema_migrations` (`version` varchar(255) NOT NULL PRIMARY KEY)[0m
  [1m[35m (452.6ms)[0m  [1m[35mCREATE TABLE `ar_internal_metadata` (`key` varchar(255) NOT NULL PRIMARY KEY, `value` varchar(255), `created_at` datetime(6) NOT NULL, `updated_at` datetime(6) NOT NULL)[0m
  [1m[35m (0.5ms)[0m  [1m[34mSELECT GET_LOCK('7879438643346964470', 0)[0m
  [1m[36mActiveRecord::SchemaMigration Pluck (2.3ms)[0m  [1m[34mSELECT `schema_migrations`.`version` FROM `schema_migrations` ORDER BY `schema_migrations`.`version` ASC[0m
Migrating to CreateUsers (20230925042903)
  [1m[35m (542.5ms)[0m  [1m[35mCREATE TABLE `users` (`id` bigint NOT NULL AUTO_INCREMENT PRIMARY KEY, `email` varchar(255), `name` varchar(255), `phone` varchar(255), `gender` varchar(255), `birthday` datetime(6), `role` varchar(255), `created_at` datetime(6) NOT NULL, `updated_at` datetime(6) NOT NULL)[0m
  [1m[36mTRANSACTION (0.5ms)[0m  [1m[35mBEGIN[0m
  [1m[36mActiveRecord::SchemaMigration Create (0.8ms)[0m  [1m[32mINSERT INTO `schema_migrations` (`version`) VALUES ('20230925042903')[0m
  [1m[36mTRANSACTION (68.7ms)[0m  [1m[35mCOMMIT[0m
Migrating to AddPasswordDigestToUsers (20230925045856)
  [1m[35m (372.9ms)[0m  [1m[35mALTER TABLE `users` ADD `password_digest` varchar(255)[0m
  [1m[36mTRANSACTION (0.5ms)[0m  [1m[35mBEGIN[0m
  [1m[36mActiveRecord::SchemaMigration Create (0.8ms)[0m  [1m[32mINSERT INTO `schema_migrations` (`version`) VALUES ('20230925045856')[0m
  [1m[36mTRANSACTION (114.4ms)[0m  [1m[35mCOMMIT[0m
Migrating to CreateOrders (20230925051004)
  [1m[35m (684.4ms)[0m  [1m[35mCREATE TABLE `orders` (`id` bigint NOT NULL AUTO_INCREMENT PRIMARY KEY, `total_price` int, `order_status` int, `user_id` bigint NOT NULL, `created_at` datetime(6) NOT NULL, `updated_at` datetime(6) NOT NULL, INDEX `index_orders_on_user_id` (`user_id`), CONSTRAINT `fk_rails_f868b47f6a`
FOREIGN KEY (`user_id`)
  REFERENCES `users` (`id`)
)[0m
  [1m[35m (356.8ms)[0m  [1m[35mCREATE INDEX `index_orders_on_user_id_and_created_at` ON `orders` (`user_id`, `created_at`)[0m
  [1m[36mTRANSACTION (0.6ms)[0m  [1m[35mBEGIN[0m
  [1m[36mActiveRecord::SchemaMigration Create (0.9ms)[0m  [1m[32mINSERT INTO `schema_migrations` (`version`) VALUES ('20230925051004')[0m
  [1m[36mTRANSACTION (73.4ms)[0m  [1m[35mCOMMIT[0m
Migrating to CreateCategories (20230925055039)
  [1m[35m (456.1ms)[0m  [1m[35mCREATE TABLE `categories` (`id` bigint NOT NULL AUTO_INCREMENT PRIMARY KEY, `name` varchar(255), `description` varchar(255), `created_at` datetime(6) NOT NULL, `updated_at` datetime(6) NOT NULL)[0m
  [1m[36mTRANSACTION (0.5ms)[0m  [1m[35mBEGIN[0m
  [1m[36mActiveRecord::SchemaMigration Create (0.8ms)[0m  [1m[32mINSERT INTO `schema_migrations` (`version`) VALUES ('20230925055039')[0m
  [1m[36mTRANSACTION (120.3ms)[0m  [1m[35mCOMMIT[0m
Migrating to CreateProducts (20230925060507)
  [1m[35m (559.5ms)[0m  [1m[35mCREATE TABLE `products` (`id` bigint NOT NULL AUTO_INCREMENT PRIMARY KEY, `name` varchar(255), `price` int, `description` varchar(255), `number` int, `category_id` bigint NOT NULL, `created_at` datetime(6) NOT NULL, `updated_at` datetime(6) NOT NULL, INDEX `index_products_on_category_id` (`category_id`), CONSTRAINT `fk_rails_fb915499a4`
FOREIGN KEY (`category_id`)
  REFERENCES `categories` (`id`)
)[0m
  [1m[35m (0.7ms)[0m  [1m[34mSELECT RELEASE_LOCK('7879438643346964470')[0m
  [1m[36mActiveRecord::SchemaMigration Pluck (0.2ms)[0m  [1m[34mSELECT `schema_migrations`.`version` FROM `schema_migrations` ORDER BY `schema_migrations`.`version` ASC[0m
  [1m[36mActiveRecord::InternalMetadata Pluck (0.4ms)[0m  [1m[34mSELECT `ar_internal_metadata`.`value` FROM `ar_internal_metadata` WHERE `ar_internal_metadata`.`key` = 'environment' LIMIT 1[0m
  [1m[36mActiveRecord::InternalMetadata Load (0.2ms)[0m  [1m[34mSELECT `ar_internal_metadata`.* FROM `ar_internal_metadata` WHERE `ar_internal_metadata`.`key` = 'environment' LIMIT 1[0m
  [1m[36mTRANSACTION (0.1ms)[0m  [1m[35mBEGIN[0m
  [1m[36mActiveRecord::InternalMetadata Create (0.2ms)[0m  [1m[32mINSERT INTO `ar_internal_metadata` (`key`, `value`, `created_at`, `updated_at`) VALUES ('environment', 'development', '2023-09-25 07:27:37.413792', '2023-09-25 07:27:37.413792')[0m
  [1m[36mTRANSACTION (2077.1ms)[0m  [1m[35mCOMMIT[0m
  [1m[36mActiveRecord::SchemaMigration Pluck (0.2ms)[0m  [1m[34mSELECT `schema_migrations`.`version` FROM `schema_migrations` ORDER BY `schema_migrations`.`version` ASC[0m
  [1m[36mActiveRecord::InternalMetadata Pluck (0.2ms)[0m  [1m[34mSELECT `ar_internal_metadata`.`value` FROM `ar_internal_metadata` WHERE `ar_internal_metadata`.`key` = 'environment' LIMIT 1[0m
  [1m[36mActiveRecord::SchemaMigration Pluck (0.1ms)[0m  [1m[34mSELECT `schema_migrations`.`version` FROM `schema_migrations` ORDER BY `schema_migrations`.`version` ASC[0m
  [1m[36mActiveRecord::InternalMetadata Pluck (0.2ms)[0m  [1m[34mSELECT `ar_internal_metadata`.`value` FROM `ar_internal_metadata` WHERE `ar_internal_metadata`.`key` = 'environment' LIMIT 1[0m
  [1m[36mActiveRecord::SchemaMigration Pluck (0.1ms)[0m  [1m[34mSELECT `schema_migrations`.`version` FROM `schema_migrations` ORDER BY `schema_migrations`.`version` ASC[0m
  [1m[36mActiveRecord::InternalMetadata Pluck (0.1ms)[0m  [1m[34mSELECT `ar_internal_metadata`.`value` FROM `ar_internal_metadata` WHERE `ar_internal_metadata`.`key` = 'environment' LIMIT 1[0m
  [1m[35m (1986.0ms)[0m  [1m[35mDROP DATABASE IF EXISTS `rails_tutorial_development`[0m
  [1m[35m (91.2ms)[0m  [1m[35mDROP DATABASE IF EXISTS `rails_tutorial_test`[0m
  [1m[35m (56.2ms)[0m  [1m[35mCREATE DATABASE `rails_tutorial_development` DEFAULT CHARACTER SET `utf8mb4`[0m
  [1m[35m (124.3ms)[0m  [1m[35mCREATE DATABASE `rails_tutorial_test` DEFAULT CHARACTER SET `utf8mb4`[0m
  [1m[35m (412.3ms)[0m  [1m[35mCREATE TABLE `schema_migrations` (`version` varchar(255) NOT NULL PRIMARY KEY)[0m
  [1m[35m (468.3ms)[0m  [1m[35mCREATE TABLE `ar_internal_metadata` (`key` varchar(255) NOT NULL PRIMARY KEY, `value` varchar(255), `created_at` datetime(6) NOT NULL, `updated_at` datetime(6) NOT NULL)[0m
  [1m[35m (0.5ms)[0m  [1m[34mSELECT GET_LOCK('7879438643346964470', 0)[0m
  [1m[36mActiveRecord::SchemaMigration Pluck (2.3ms)[0m  [1m[34mSELECT `schema_migrations`.`version` FROM `schema_migrations` ORDER BY `schema_migrations`.`version` ASC[0m
Migrating to CreateUsers (20230925042903)
  [1m[35m (357.6ms)[0m  [1m[35mCREATE TABLE `users` (`id` bigint NOT NULL AUTO_INCREMENT PRIMARY KEY, `email` varchar(255), `name` varchar(255), `phone` varchar(255), `gender` varchar(255), `birthday` datetime(6), `role` varchar(255), `created_at` datetime(6) NOT NULL, `updated_at` datetime(6) NOT NULL)[0m
  [1m[35m (306.6ms)[0m  [1m[35mCREATE UNIQUE INDEX `index_users_on_email` ON `users` (`email`)[0m
  [1m[36mTRANSACTION (0.5ms)[0m  [1m[35mBEGIN[0m
  [1m[36mActiveRecord::SchemaMigration Create (0.7ms)[0m  [1m[32mINSERT INTO `schema_migrations` (`version`) VALUES ('20230925042903')[0m
  [1m[36mTRANSACTION (69.2ms)[0m  [1m[35mCOMMIT[0m
Migrating to AddPasswordDigestToUsers (20230925045856)
  [1m[35m (361.8ms)[0m  [1m[35mALTER TABLE `users` ADD `password_digest` varchar(255)[0m
  [1m[36mTRANSACTION (0.6ms)[0m  [1m[35mBEGIN[0m
  [1m[36mActiveRecord::SchemaMigration Create (0.8ms)[0m  [1m[32mINSERT INTO `schema_migrations` (`version`) VALUES ('20230925045856')[0m
  [1m[36mTRANSACTION (71.4ms)[0m  [1m[35mCOMMIT[0m
Migrating to CreateOrders (20230925051004)
  [1m[35m (544.1ms)[0m  [1m[35mCREATE TABLE `orders` (`id` bigint NOT NULL AUTO_INCREMENT PRIMARY KEY, `total_price` int, `order_status` int, `user_id` bigint NOT NULL, `created_at` datetime(6) NOT NULL, `updated_at` datetime(6) NOT NULL, INDEX `index_orders_on_user_id` (`user_id`), CONSTRAINT `fk_rails_f868b47f6a`
FOREIGN KEY (`user_id`)
  REFERENCES `users` (`id`)
)[0m
  [1m[35m (246.8ms)[0m  [1m[35mCREATE INDEX `index_orders_on_user_id_and_created_at` ON `orders` (`user_id`, `created_at`)[0m
  [1m[36mTRANSACTION (0.5ms)[0m  [1m[35mBEGIN[0m
  [1m[36mActiveRecord::SchemaMigration Create (0.8ms)[0m  [1m[32mINSERT INTO `schema_migrations` (`version`) VALUES ('20230925051004')[0m
  [1m[36mTRANSACTION (144.6ms)[0m  [1m[35mCOMMIT[0m
Migrating to CreateCategories (20230925055039)
  [1m[35m (410.2ms)[0m  [1m[35mCREATE TABLE `categories` (`id` bigint NOT NULL AUTO_INCREMENT PRIMARY KEY, `name` varchar(255), `description` varchar(255), `created_at` datetime(6) NOT NULL, `updated_at` datetime(6) NOT NULL)[0m
  [1m[36mTRANSACTION (0.6ms)[0m  [1m[35mBEGIN[0m
  [1m[36mActiveRecord::SchemaMigration Create (0.9ms)[0m  [1m[32mINSERT INTO `schema_migrations` (`version`) VALUES ('20230925055039')[0m
  [1m[36mTRANSACTION (90.9ms)[0m  [1m[35mCOMMIT[0m
Migrating to CreateProducts (20230925060507)
  [1m[35m (594.4ms)[0m  [1m[35mCREATE TABLE `products` (`id` bigint NOT NULL AUTO_INCREMENT PRIMARY KEY, `name` varchar(255), `price` int, `description` varchar(255), `number` int, `category_id` bigint NOT NULL, `created_at` datetime(6) NOT NULL, `updated_at` datetime(6) NOT NULL, INDEX `index_products_on_category_id` (`category_id`), CONSTRAINT `fk_rails_fb915499a4`
FOREIGN KEY (`category_id`)
  REFERENCES `categories` (`id`)
)[0m
  [1m[35m (315.1ms)[0m  [1m[35mCREATE UNIQUE INDEX `index_products_on_name` ON `products` (`name`)[0m
  [1m[35m (296.6ms)[0m  [1m[35mCREATE INDEX `index_products_on_price` ON `products` (`price`)[0m
  [1m[35m (2.9ms)[0m  [1m[35mCREATE INDEX `index_products_on_category_id` ON `products` (`category_id`)[0m
  [1m[35m (0.6ms)[0m  [1m[34mSELECT RELEASE_LOCK('7879438643346964470')[0m
  [1m[36mActiveRecord::SchemaMigration Pluck (0.2ms)[0m  [1m[34mSELECT `schema_migrations`.`version` FROM `schema_migrations` ORDER BY `schema_migrations`.`version` ASC[0m
  [1m[36mActiveRecord::InternalMetadata Pluck (0.4ms)[0m  [1m[34mSELECT `ar_internal_metadata`.`value` FROM `ar_internal_metadata` WHERE `ar_internal_metadata`.`key` = 'environment' LIMIT 1[0m
  [1m[36mActiveRecord::InternalMetadata Load (0.2ms)[0m  [1m[34mSELECT `ar_internal_metadata`.* FROM `ar_internal_metadata` WHERE `ar_internal_metadata`.`key` = 'environment' LIMIT 1[0m
  [1m[36mTRANSACTION (0.1ms)[0m  [1m[35mBEGIN[0m
  [1m[36mActiveRecord::InternalMetadata Create (0.1ms)[0m  [1m[32mINSERT INTO `ar_internal_metadata` (`key`, `value`, `created_at`, `updated_at`) VALUES ('environment', 'development', '2023-09-25 07:28:16.199455', '2023-09-25 07:28:16.199455')[0m
  [1m[36mTRANSACTION (1837.8ms)[0m  [1m[35mCOMMIT[0m
  [1m[36mActiveRecord::SchemaMigration Pluck (0.2ms)[0m  [1m[34mSELECT `schema_migrations`.`version` FROM `schema_migrations` ORDER BY `schema_migrations`.`version` ASC[0m
  [1m[36mActiveRecord::InternalMetadata Pluck (0.2ms)[0m  [1m[34mSELECT `ar_internal_metadata`.`value` FROM `ar_internal_metadata` WHERE `ar_internal_metadata`.`key` = 'environment' LIMIT 1[0m
  [1m[36mActiveRecord::SchemaMigration Pluck (0.2ms)[0m  [1m[34mSELECT `schema_migrations`.`version` FROM `schema_migrations` ORDER BY `schema_migrations`.`version` ASC[0m
  [1m[36mActiveRecord::InternalMetadata Pluck (0.2ms)[0m  [1m[34mSELECT `ar_internal_metadata`.`value` FROM `ar_internal_metadata` WHERE `ar_internal_metadata`.`key` = 'environment' LIMIT 1[0m
  [1m[36mActiveRecord::SchemaMigration Pluck (0.2ms)[0m  [1m[34mSELECT `schema_migrations`.`version` FROM `schema_migrations` ORDER BY `schema_migrations`.`version` ASC[0m
  [1m[36mActiveRecord::InternalMetadata Pluck (0.2ms)[0m  [1m[34mSELECT `ar_internal_metadata`.`value` FROM `ar_internal_metadata` WHERE `ar_internal_metadata`.`key` = 'environment' LIMIT 1[0m
  [1m[35m (1532.3ms)[0m  [1m[35mDROP DATABASE IF EXISTS `rails_tutorial_development`[0m
  [1m[35m (103.6ms)[0m  [1m[35mDROP DATABASE IF EXISTS `rails_tutorial_test`[0m
  [1m[35m (134.2ms)[0m  [1m[35mCREATE DATABASE `rails_tutorial_development` DEFAULT CHARACTER SET `utf8mb4`[0m
  [1m[35m (143.7ms)[0m  [1m[35mCREATE DATABASE `rails_tutorial_test` DEFAULT CHARACTER SET `utf8mb4`[0m
  [1m[35m (429.7ms)[0m  [1m[35mCREATE TABLE `schema_migrations` (`version` varchar(255) NOT NULL PRIMARY KEY)[0m
  [1m[35m (553.2ms)[0m  [1m[35mCREATE TABLE `ar_internal_metadata` (`key` varchar(255) NOT NULL PRIMARY KEY, `value` varchar(255), `created_at` datetime(6) NOT NULL, `updated_at` datetime(6) NOT NULL)[0m
  [1m[35m (0.5ms)[0m  [1m[34mSELECT GET_LOCK('7879438643346964470', 0)[0m
  [1m[36mActiveRecord::SchemaMigration Pluck (2.9ms)[0m  [1m[34mSELECT `schema_migrations`.`version` FROM `schema_migrations` ORDER BY `schema_migrations`.`version` ASC[0m
Migrating to CreateUsers (20230925042903)
  [1m[35m (398.4ms)[0m  [1m[35mCREATE TABLE `users` (`id` bigint NOT NULL AUTO_INCREMENT PRIMARY KEY, `email` varchar(255), `name` varchar(255), `phone` varchar(255), `gender` varchar(255), `birthday` datetime(6), `role` varchar(255), `created_at` datetime(6) NOT NULL, `updated_at` datetime(6) NOT NULL)[0m
  [1m[35m (355.3ms)[0m  [1m[35mCREATE UNIQUE INDEX `index_users_on_email` ON `users` (`email`)[0m
  [1m[36mTRANSACTION (0.5ms)[0m  [1m[35mBEGIN[0m
  [1m[36mActiveRecord::SchemaMigration Create (0.9ms)[0m  [1m[32mINSERT INTO `schema_migrations` (`version`) VALUES ('20230925042903')[0m
  [1m[36mTRANSACTION (140.3ms)[0m  [1m[35mCOMMIT[0m
Migrating to AddPasswordDigestToUsers (20230925045856)
  [1m[35m (300.3ms)[0m  [1m[35mALTER TABLE `users` ADD `password_digest` varchar(255)[0m
  [1m[36mTRANSACTION (0.6ms)[0m  [1m[35mBEGIN[0m
  [1m[36mActiveRecord::SchemaMigration Create (0.8ms)[0m  [1m[32mINSERT INTO `schema_migrations` (`version`) VALUES ('20230925045856')[0m
  [1m[36mTRANSACTION (80.7ms)[0m  [1m[35mCOMMIT[0m
Migrating to CreateOrders (20230925051004)
  [1m[35m (508.7ms)[0m  [1m[35mCREATE TABLE `orders` (`id` bigint NOT NULL AUTO_INCREMENT PRIMARY KEY, `total_price` int, `order_status` int, `user_id` bigint NOT NULL, `created_at` datetime(6) NOT NULL, `updated_at` datetime(6) NOT NULL, INDEX `index_orders_on_user_id` (`user_id`), CONSTRAINT `fk_rails_f868b47f6a`
FOREIGN KEY (`user_id`)
  REFERENCES `users` (`id`)
)[0m
  [1m[35m (315.0ms)[0m  [1m[35mCREATE INDEX `index_orders_on_user_id_and_created_at` ON `orders` (`user_id`, `created_at`)[0m
  [1m[36mTRANSACTION (0.6ms)[0m  [1m[35mBEGIN[0m
  [1m[36mActiveRecord::SchemaMigration Create (0.7ms)[0m  [1m[32mINSERT INTO `schema_migrations` (`version`) VALUES ('20230925051004')[0m
  [1m[36mTRANSACTION (57.9ms)[0m  [1m[35mCOMMIT[0m
Migrating to CreateCategories (20230925055039)
  [1m[35m (403.1ms)[0m  [1m[35mCREATE TABLE `categories` (`id` bigint NOT NULL AUTO_INCREMENT PRIMARY KEY, `name` varchar(255), `description` varchar(255), `created_at` datetime(6) NOT NULL, `updated_at` datetime(6) NOT NULL)[0m
  [1m[36mTRANSACTION (0.5ms)[0m  [1m[35mBEGIN[0m
  [1m[36mActiveRecord::SchemaMigration Create (0.9ms)[0m  [1m[32mINSERT INTO `schema_migrations` (`version`) VALUES ('20230925055039')[0m
  [1m[36mTRANSACTION (86.1ms)[0m  [1m[35mCOMMIT[0m
Migrating to CreateProducts (20230925060507)
  [1m[35m (508.0ms)[0m  [1m[35mCREATE TABLE `products` (`id` bigint NOT NULL AUTO_INCREMENT PRIMARY KEY, `name` varchar(255), `price` int, `description` varchar(255), `number` int, `category_id` bigint NOT NULL, `created_at` datetime(6) NOT NULL, `updated_at` datetime(6) NOT NULL, INDEX `index_products_on_category_id` (`category_id`), CONSTRAINT `fk_rails_fb915499a4`
FOREIGN KEY (`category_id`)
  REFERENCES `categories` (`id`)
)[0m
  [1m[35m (301.3ms)[0m  [1m[35mCREATE UNIQUE INDEX `index_products_on_name` ON `products` (`name`)[0m
  [1m[35m (355.5ms)[0m  [1m[35mCREATE INDEX `index_products_on_price` ON `products` (`price`)[0m
  [1m[36mTRANSACTION (0.6ms)[0m  [1m[35mBEGIN[0m
  [1m[36mActiveRecord::SchemaMigration Create (0.7ms)[0m  [1m[32mINSERT INTO `schema_migrations` (`version`) VALUES ('20230925060507')[0m
  [1m[36mTRANSACTION (68.1ms)[0m  [1m[35mCOMMIT[0m
Migrating to CreateProductImages (20230925065038)
  [1m[35m (474.8ms)[0m  [1m[35mCREATE TABLE `product_images` (`id` bigint NOT NULL AUTO_INCREMENT PRIMARY KEY, `image` varchar(255), `product_id` bigint NOT NULL, `created_at` datetime(6) NOT NULL, `updated_at` datetime(6) NOT NULL, INDEX `index_product_images_on_product_id` (`product_id`), CONSTRAINT `fk_rails_1c991d3be6`
FOREIGN KEY (`product_id`)
  REFERENCES `products` (`id`)
)[0m
  [1m[36mTRANSACTION (0.6ms)[0m  [1m[35mBEGIN[0m
  [1m[36mActiveRecord::SchemaMigration Create (0.8ms)[0m  [1m[32mINSERT INTO `schema_migrations` (`version`) VALUES ('20230925065038')[0m
  [1m[36mTRANSACTION (64.9ms)[0m  [1m[35mCOMMIT[0m
Migrating to CreateOrderProducts (20230925065452)
  [1m[35m (734.1ms)[0m  [1m[35mCREATE TABLE `order_products` (`id` bigint NOT NULL AUTO_INCREMENT PRIMARY KEY, `number` int, `price` int, `order_id` bigint NOT NULL, `product_id` bigint NOT NULL, `created_at` datetime(6) NOT NULL, `updated_at` datetime(6) NOT NULL, INDEX `index_order_products_on_order_id` (`order_id`), INDEX `index_order_products_on_product_id` (`product_id`), CONSTRAINT `fk_rails_f40b8ccee4`
FOREIGN KEY (`order_id`)
  REFERENCES `orders` (`id`)
, CONSTRAINT `fk_rails_96c0709f78`
FOREIGN KEY (`product_id`)
  REFERENCES `products` (`id`)
)[0m
  [1m[36mTRANSACTION (0.6ms)[0m  [1m[35mBEGIN[0m
  [1m[36mActiveRecord::SchemaMigration Create (0.8ms)[0m  [1m[32mINSERT INTO `schema_migrations` (`version`) VALUES ('20230925065452')[0m
  [1m[36mTRANSACTION (61.4ms)[0m  [1m[35mCOMMIT[0m
Migrating to CreateRatings (20230925065729)
  [1m[35m (636.9ms)[0m  [1m[35mCREATE TABLE `ratings` (`id` bigint NOT NULL AUTO_INCREMENT PRIMARY KEY, `stars` int, `comment` varchar(255), `user_id` bigint NOT NULL, `product_id` bigint NOT NULL, `created_at` datetime(6) NOT NULL, `updated_at` datetime(6) NOT NULL, INDEX `index_ratings_on_user_id` (`user_id`), INDEX `index_ratings_on_product_id` (`product_id`), CONSTRAINT `fk_rails_a7dfeb9f5f`
FOREIGN KEY (`user_id`)
  REFERENCES `users` (`id`)
, CONSTRAINT `fk_rails_f846e598a7`
FOREIGN KEY (`product_id`)
  REFERENCES `products` (`id`)
)[0m
  [1m[36mTRANSACTION (0.6ms)[0m  [1m[35mBEGIN[0m
  [1m[36mActiveRecord::SchemaMigration Create (0.7ms)[0m  [1m[32mINSERT INTO `schema_migrations` (`version`) VALUES ('20230925065729')[0m
  [1m[36mTRANSACTION (120.1ms)[0m  [1m[35mCOMMIT[0m
Migrating to CreateSuggestions (20230925065803)
  [1m[35m (516.7ms)[0m  [1m[35mCREATE TABLE `suggestions` (`id` bigint NOT NULL AUTO_INCREMENT PRIMARY KEY, `content` varchar(255), `user_id` bigint NOT NULL, `created_at` datetime(6) NOT NULL, `updated_at` datetime(6) NOT NULL, INDEX `index_suggestions_on_user_id` (`user_id`), CONSTRAINT `fk_rails_e40b042562`
FOREIGN KEY (`user_id`)
  REFERENCES `users` (`id`)
)[0m
  [1m[36mTRANSACTION (0.5ms)[0m  [1m[35mBEGIN[0m
  [1m[36mActiveRecord::SchemaMigration Create (0.8ms)[0m  [1m[32mINSERT INTO `schema_migrations` (`version`) VALUES ('20230925065803')[0m
  [1m[36mTRANSACTION (68.1ms)[0m  [1m[35mCOMMIT[0m
  [1m[36mActiveRecord::InternalMetadata Load (2.6ms)[0m  [1m[34mSELECT `ar_internal_metadata`.* FROM `ar_internal_metadata` WHERE `ar_internal_metadata`.`key` = 'environment' LIMIT 1[0m
  [1m[36mTRANSACTION (0.2ms)[0m  [1m[35mBEGIN[0m
  [1m[36mActiveRecord::InternalMetadata Create (0.4ms)[0m  [1m[32mINSERT INTO `ar_internal_metadata` (`key`, `value`, `created_at`, `updated_at`) VALUES ('environment', 'development', '2023-09-25 07:28:29.725995', '2023-09-25 07:28:29.725995')[0m
  [1m[36mTRANSACTION (76.2ms)[0m  [1m[35mCOMMIT[0m
  [1m[35m (1.0ms)[0m  [1m[34mSELECT RELEASE_LOCK('7879438643346964470')[0m
  [1m[36mActiveRecord::SchemaMigration Pluck (1.0ms)[0m  [1m[34mSELECT `schema_migrations`.`version` FROM `schema_migrations` ORDER BY `schema_migrations`.`version` ASC[0m
